2018-10-21 09:25:53.863  INFO 14016 --- [restartedMain] c.p.m.d.DwfApplication                   : Starting DwfApplication on Eagle_Eyes with PID 14016 (C:\Users\b.heydarinejad\Documents\GitHub\DWF\dwf\target\classes started by b.heydarinejad in C:\Users\b.heydarinejad\Documents\GitHub\DWF\dwf)
2018-10-21 09:25:53.889 DEBUG 14016 --- [restartedMain] c.p.m.d.DwfApplication                   : Running with Spring Boot v2.0.5.RELEASE, Spring v5.0.9.RELEASE
2018-10-21 09:25:53.891  INFO 14016 --- [restartedMain] c.p.m.d.DwfApplication                   : No active profile set, falling back to default profiles: default
2018-10-21 09:25:54.100  INFO 14016 --- [restartedMain] ConfigServletWebServerApplicationContext : Refreshing org.springframework.boot.web.servlet.context.AnnotationConfigServletWebServerApplicationContext@759dc5ba: startup date [Sun Oct 21 09:25:54 IRST 2018]; root of context hierarchy
2018-10-21 09:25:55.571  INFO 14016 --- [restartedMain] o.s.i.c.IntegrationRegistrar             : No bean named 'integrationHeaderChannelRegistry' has been explicitly defined. Therefore, a default DefaultHeaderChannelRegistry will be created.
2018-10-21 09:25:55.855  INFO 14016 --- [restartedMain] faultConfiguringBeanFactoryPostProcessor : No bean named 'errorChannel' has been explicitly defined. Therefore, a default PublishSubscribeChannel will be created.
2018-10-21 09:25:55.861  INFO 14016 --- [restartedMain] faultConfiguringBeanFactoryPostProcessor : No bean named 'taskScheduler' has been explicitly defined. Therefore, a default ThreadPoolTaskScheduler will be created.
2018-10-21 09:25:56.008  INFO 14016 --- [restartedMain] trationDelegate$BeanPostProcessorChecker : Bean 'org.springframework.transaction.annotation.ProxyTransactionManagementConfiguration' of type [org.springframework.transaction.annotation.ProxyTransactionManagementConfiguration$$EnhancerBySpringCGLIB$$a9545219] is not eligible for getting processed by all BeanPostProcessors (for example: not eligible for auto-proxying)
2018-10-21 09:25:56.053  INFO 14016 --- [restartedMain] trationDelegate$BeanPostProcessorChecker : Bean 'org.springframework.integration.config.IntegrationManagementConfiguration' of type [org.springframework.integration.config.IntegrationManagementConfiguration$$EnhancerBySpringCGLIB$$14460d48] is not eligible for getting processed by all BeanPostProcessors (for example: not eligible for auto-proxying)
2018-10-21 09:25:56.338 ERROR 14016 --- [restartedMain] o.a.c.c.AprLifecycleListener             : An incompatible version [1.2.12] of the APR based Apache Tomcat Native library is installed, while Tomcat requires version [1.2.14]
2018-10-21 09:25:56.603  INFO 14016 --- [restartedMain] o.s.b.w.e.t.TomcatWebServer              : Tomcat initialized with port(s): 8080 (http)
2018-10-21 09:25:56.614 ERROR 14016 --- [restartedMain] o.a.c.c.AprLifecycleListener             : An incompatible version [1.2.12] of the APR based Apache Tomcat Native library is installed, while Tomcat requires version [1.2.14]
2018-10-21 09:25:56.623  INFO 14016 --- [restartedMain] o.a.c.c.StandardService                  : Starting service [Tomcat]
2018-10-21 09:25:56.624  INFO 14016 --- [restartedMain] o.a.c.c.StandardEngine                   : Starting Servlet Engine: Apache Tomcat/8.5.34
2018-10-21 09:25:56.628 ERROR 14016 --- [localhost-startStop-1] o.a.c.c.AprLifecycleListener             : An incompatible version [1.2.12] of the APR based Apache Tomcat Native library is installed, while Tomcat requires version [1.2.14]
2018-10-21 09:25:56.991  INFO 14016 --- [localhost-startStop-1] o.a.j.s.TldScanner                       : At least one JAR was scanned for TLDs yet contained no TLDs. Enable debug logging for this logger for a complete list of JARs that were scanned but no TLDs were found in them. Skipping unneeded JARs during scanning can improve startup time and JSP compilation time.
2018-10-21 09:25:56.997  INFO 14016 --- [localhost-startStop-1] o.a.c.c.C.[.[.[/]                        : Initializing Spring embedded WebApplicationContext
2018-10-21 09:25:56.997  INFO 14016 --- [localhost-startStop-1] o.s.w.c.ContextLoader                    : Root WebApplicationContext: initialization completed in 2906 ms
2018-10-21 09:25:57.065  INFO 14016 --- [localhost-startStop-1] o.s.b.w.s.ServletRegistrationBean        : Servlet dispatcherServlet mapped to [/]
2018-10-21 09:25:57.069  INFO 14016 --- [localhost-startStop-1] o.s.b.w.s.FilterRegistrationBean         : Mapping filter: 'characterEncodingFilter' to: [/*]
2018-10-21 09:25:57.070  INFO 14016 --- [localhost-startStop-1] o.s.b.w.s.FilterRegistrationBean         : Mapping filter: 'hiddenHttpMethodFilter' to: [/*]
2018-10-21 09:25:57.070  INFO 14016 --- [localhost-startStop-1] o.s.b.w.s.FilterRegistrationBean         : Mapping filter: 'httpPutFormContentFilter' to: [/*]
2018-10-21 09:25:57.070  INFO 14016 --- [localhost-startStop-1] o.s.b.w.s.FilterRegistrationBean         : Mapping filter: 'requestContextFilter' to: [/*]
2018-10-21 09:25:57.264  INFO 14016 --- [restartedMain] c.z.h.HikariDataSource                   : HikariPool-1 - Starting...
2018-10-21 09:25:57.387  INFO 14016 --- [restartedMain] c.z.h.HikariDataSource                   : HikariPool-1 - Start completed.
2018-10-21 09:25:57.439  INFO 14016 --- [restartedMain] j.LocalContainerEntityManagerFactoryBean : Building JPA container EntityManagerFactory for persistence unit 'default'
2018-10-21 09:25:58.711  INFO 14016 --- [restartedMain] j.LocalContainerEntityManagerFactoryBean : Initialized JPA EntityManagerFactory for persistence unit 'default'
2018-10-21 09:25:59.337  WARN 14016 --- [restartedMain] aWebConfiguration$JpaWebMvcConfiguration : spring.jpa.open-in-view is enabled by default. Therefore, database queries may be performed during view rendering. Explicitly configure spring.jpa.open-in-view to disable this warning
2018-10-21 09:25:59.423  INFO 14016 --- [restartedMain] s.w.s.m.m.a.RequestMappingHandlerMapping : Mapped "{[/ || /index || /INDEX || /Index],methods=[GET || POST]}" onto public java.util.Map com.parstasmim.mtni.dwf.controller.indexController.index(javax.servlet.http.HttpSession,javax.servlet.http.HttpServletRequest)
2018-10-21 09:25:59.424  INFO 14016 --- [restartedMain] s.w.s.m.m.a.RequestMappingHandlerMapping : Mapped "{[/logout],methods=[POST || GET]}" onto public void com.parstasmim.mtni.dwf.controller.indexController.logout(javax.servlet.http.HttpServletRequest,javax.servlet.http.HttpServletResponse,javax.servlet.http.HttpSession) throws java.io.IOException
2018-10-21 09:25:59.425  INFO 14016 --- [restartedMain] s.w.s.m.m.a.RequestMappingHandlerMapping : Mapped "{[/login],methods=[POST || GET]}" onto public void com.parstasmim.mtni.dwf.controller.indexController.login(java.lang.String,java.lang.String,javax.servlet.http.HttpServletRequest,javax.servlet.http.HttpServletResponse,javax.servlet.http.HttpSession) throws java.io.IOException
2018-10-21 09:25:59.426  INFO 14016 --- [restartedMain] s.w.s.m.m.a.RequestMappingHandlerMapping : Mapped "{[/management || /management/ || /management/home || /management/HOME || /management/Home],methods=[GET || POST]}" onto public java.util.Map com.parstasmim.mtni.dwf.controller.managementController.home(javax.servlet.http.HttpSession,javax.servlet.http.HttpServletRequest)
2018-10-21 09:25:59.426  INFO 14016 --- [restartedMain] s.w.s.m.m.a.RequestMappingHandlerMapping : Mapped "{[/management/users/{username:.*}],methods=[GET || POST]}" onto public java.util.Map com.parstasmim.mtni.dwf.controller.managementController.getUser(java.lang.String)
2018-10-21 09:25:59.427  INFO 14016 --- [restartedMain] s.w.s.m.m.a.RequestMappingHandlerMapping : Mapped "{[/management/users],methods=[GET || POST]}" onto public java.util.List com.parstasmim.mtni.dwf.controller.managementController.listAllUsers()
2018-10-21 09:25:59.427  INFO 14016 --- [restartedMain] s.w.s.m.m.a.RequestMappingHandlerMapping : Mapped "{[/management/actions],methods=[GET || POST]}" onto public java.util.List com.parstasmim.mtni.dwf.controller.managementController.listAllActions()
2018-10-21 09:25:59.429  INFO 14016 --- [restartedMain] s.w.s.m.m.a.RequestMappingHandlerMapping : Mapped "{[/rules]}" onto public java.lang.String com.parstasmim.mtni.dwf.controller.ruleController.index()
2018-10-21 09:25:59.434  INFO 14016 --- [restartedMain] s.w.s.m.m.a.RequestMappingHandlerMapping : Mapped "{[/error]}" onto public org.springframework.http.ResponseEntity<java.util.Map<java.lang.String, java.lang.Object>> org.springframework.boot.autoconfigure.web.servlet.error.BasicErrorController.error(javax.servlet.http.HttpServletRequest)
2018-10-21 09:25:59.435  INFO 14016 --- [restartedMain] s.w.s.m.m.a.RequestMappingHandlerMapping : Mapped "{[/error],produces=[text/html]}" onto public org.springframework.web.servlet.ModelAndView org.springframework.boot.autoconfigure.web.servlet.error.BasicErrorController.errorHtml(javax.servlet.http.HttpServletRequest,javax.servlet.http.HttpServletResponse)
2018-10-21 09:25:59.443  INFO 14016 --- [restartedMain] c.p.m.d.c.AppInitializer                 : update app actions ...
2018-10-21 09:25:59.717  INFO 14016 --- [restartedMain] c.p.m.d.c.AppInitializer                 : initialize admin user ...
2018-10-21 09:25:59.745  INFO 14016 --- [restartedMain] c.p.m.d.c.AppInitializer                 : load app actions
2018-10-21 09:25:59.754  INFO 14016 --- [restartedMain] c.p.m.d.c.AppInitializer                 : assign full access to admin
2018-10-21 09:25:59.758  INFO 14016 --- [restartedMain] c.p.m.d.m.s.ManagementServiceImpl        : Admin Actions: [indexController/index, indexController/login, indexController/logout, managementController/home, managementController/listAllUsers, managementController/getUser, managementController/listAllActions, ruleController/index, basicErrorController/error, basicErrorController/errorHtml]
2018-10-21 09:25:59.924  INFO 14016 --- [restartedMain] o.s.w.s.h.SimpleUrlHandlerMapping        : Mapped URL path [/**/favicon.ico] onto handler of type [class org.springframework.web.servlet.resource.ResourceHttpRequestHandler]
2018-10-21 09:26:00.159  INFO 14016 --- [restartedMain] s.w.s.m.m.a.RequestMappingHandlerAdapter : Looking for @ControllerAdvice: org.springframework.boot.web.servlet.context.AnnotationConfigServletWebServerApplicationContext@759dc5ba: startup date [Sun Oct 21 09:25:54 IRST 2018]; root of context hierarchy
2018-10-21 09:26:00.217  INFO 14016 --- [restartedMain] o.s.w.s.h.SimpleUrlHandlerMapping        : Mapped URL path [/webjars/**] onto handler of type [class org.springframework.web.servlet.resource.ResourceHttpRequestHandler]
2018-10-21 09:26:00.217  INFO 14016 --- [restartedMain] o.s.w.s.h.SimpleUrlHandlerMapping        : Mapped URL path [/**] onto handler of type [class org.springframework.web.servlet.resource.ResourceHttpRequestHandler]
2018-10-21 09:26:00.471  INFO 14016 --- [restartedMain] o.s.s.c.ThreadPoolTaskScheduler          : Initializing ExecutorService  'taskScheduler'
2018-10-21 09:26:00.668  INFO 14016 --- [restartedMain] o.s.b.d.a.OptionalLiveReloadServer       : LiveReload server is running on port 35729
2018-10-21 09:26:00.803  INFO 14016 --- [restartedMain] o.s.j.e.a.AnnotationMBeanExporter        : Registering beans for JMX exposure on startup
2018-10-21 09:26:00.804  INFO 14016 --- [restartedMain] o.s.j.e.a.AnnotationMBeanExporter        : Bean with name 'dataSource' has been autodetected for JMX exposure
2018-10-21 09:26:00.811  INFO 14016 --- [restartedMain] o.s.j.e.a.AnnotationMBeanExporter        : Located MBean 'dataSource': registering with JMX server as MBean [com.zaxxer.hikari:name=dataSource,type=HikariDataSource]
2018-10-21 09:26:00.822  INFO 14016 --- [restartedMain] o.s.c.s.DefaultLifecycleProcessor        : Starting beans in phase 0
2018-10-21 09:26:00.822  INFO 14016 --- [restartedMain] o.s.i.e.EventDrivenConsumer              : Adding {logging-channel-adapter:_org.springframework.integration.errorLogger} as a subscriber to the 'errorChannel' channel
2018-10-21 09:26:00.823  INFO 14016 --- [restartedMain] o.s.i.c.PublishSubscribeChannel          : Channel 'application.errorChannel' has 1 subscriber(s).
2018-10-21 09:26:00.823  INFO 14016 --- [restartedMain] o.s.i.e.EventDrivenConsumer              : started _org.springframework.integration.errorLogger
2018-10-21 09:26:01.167  INFO 14016 --- [restartedMain] o.s.b.w.e.t.TomcatWebServer              : Tomcat started on port(s): 8080 (http) with context path ''
2018-10-21 09:26:01.173  INFO 14016 --- [restartedMain] c.p.m.d.DwfApplication                   : Started DwfApplication in 8.05 seconds (JVM running for 9.988)
